ERC report (Do 29 Aug 2024 04:09:00 CEST, Encoding UTF8)

***** Sheet /
[power_pin_not_driven]: Input Power pin not driven by any Output Power pins
    ; Severity: error
    @(97,79 mm, 45,72 mm): Symbol U2 [TXB0104D] Pin 14 [VCCB, Power input, Line]
[power_pin_not_driven]: Input Power pin not driven by any Output Power pins
    ; Severity: error
    @(38,10 mm, 19,05 mm): Symbol #PWR01 [+3V3] Pin 1 [+3V3, Power input, Line]
[multiple_net_names]: Both +3V3 and power are attached to the same items; +3V3 will be used in the netlist
    ; Severity: warning
    @(38,10 mm, 19,05 mm): Symbol #PWR01 [+3V3] Pin 1 [+3V3, Power input, Line]
    @(83,82 mm, 165,10 mm): Label 'power'
[lib_symbol_issues]: Symbol 'Conn_01x04_MountingPin' has been modified in library 'Connector_Generic_MountingPin'.
    ; Severity: warning
    @(115,57 mm, 167,64 mm): Symbol J1 [Conn_01x04_MountingPin]
[pin_to_pin]: Pins of type Output and Output are connected
    ; Severity: error
    @(113,03 mm, 113,03 mm): Symbol U3 [155ИД1] Pin 8 [2, Output, Line]
    @(113,03 mm, 110,49 mm): Symbol U3 [155ИД1] Pin 15 [1, Output, Line]
[pin_to_pin]: Pins of type Output and Output are connected
    ; Severity: error
    @(113,03 mm, 113,03 mm): Symbol U3 [155ИД1] Pin 8 [2, Output, Line]
    @(113,03 mm, 107,95 mm): Symbol U3 [155ИД1] Pin 16 [0, Output, Line]
[pin_to_pin]: Pins of type Output and Output are connected
    ; Severity: error
    @(113,03 mm, 113,03 mm): Symbol U3 [155ИД1] Pin 8 [2, Output, Line]
    @(113,03 mm, 115,57 mm): Symbol U3 [155ИД1] Pin 9 [3, Output, Line]
[pin_to_pin]: Pins of type Output and Output are connected
    ; Severity: error
    @(113,03 mm, 113,03 mm): Symbol U3 [155ИД1] Pin 8 [2, Output, Line]
    @(113,03 mm, 118,11 mm): Symbol U3 [155ИД1] Pin 13 [4, Output, Line]
[pin_to_pin]: Pins of type Output and Output are connected
    ; Severity: error
    @(113,03 mm, 113,03 mm): Symbol U3 [155ИД1] Pin 8 [2, Output, Line]
    @(113,03 mm, 120,65 mm): Symbol U3 [155ИД1] Pin 14 [5, Output, Line]
[pin_to_pin]: Pins of type Output and Output are connected
    ; Severity: error
    @(113,03 mm, 113,03 mm): Symbol U3 [155ИД1] Pin 8 [2, Output, Line]
    @(113,03 mm, 125,73 mm): Symbol U3 [155ИД1] Pin 10 [7, Output, Line]
[pin_to_pin]: Pins of type Output and Output are connected
    ; Severity: error
    @(113,03 mm, 113,03 mm): Symbol U3 [155ИД1] Pin 8 [2, Output, Line]
    @(113,03 mm, 123,19 mm): Symbol U3 [155ИД1] Pin 11 [6, Output, Line]
[pin_to_pin]: Pins of type Output and Output are connected
    ; Severity: error
    @(113,03 mm, 110,49 mm): Symbol U3 [155ИД1] Pin 15 [1, Output, Line]
    @(113,03 mm, 107,95 mm): Symbol U3 [155ИД1] Pin 16 [0, Output, Line]
[pin_to_pin]: Pins of type Output and Output are connected
    ; Severity: error
    @(113,03 mm, 110,49 mm): Symbol U3 [155ИД1] Pin 15 [1, Output, Line]
    @(113,03 mm, 115,57 mm): Symbol U3 [155ИД1] Pin 9 [3, Output, Line]
[pin_to_pin]: Pins of type Output and Output are connected
    ; Severity: error
    @(113,03 mm, 110,49 mm): Symbol U3 [155ИД1] Pin 15 [1, Output, Line]
    @(113,03 mm, 118,11 mm): Symbol U3 [155ИД1] Pin 13 [4, Output, Line]
[pin_to_pin]: Pins of type Output and Output are connected
    ; Severity: error
    @(113,03 mm, 110,49 mm): Symbol U3 [155ИД1] Pin 15 [1, Output, Line]
    @(113,03 mm, 125,73 mm): Symbol U3 [155ИД1] Pin 10 [7, Output, Line]
[pin_to_pin]: Pins of type Output and Output are connected
    ; Severity: error
    @(113,03 mm, 110,49 mm): Symbol U3 [155ИД1] Pin 15 [1, Output, Line]
    @(113,03 mm, 123,19 mm): Symbol U3 [155ИД1] Pin 11 [6, Output, Line]
[pin_to_pin]: Pins of type Output and Output are connected
    ; Severity: error
    @(113,03 mm, 110,49 mm): Symbol U3 [155ИД1] Pin 15 [1, Output, Line]
    @(113,03 mm, 120,65 mm): Symbol U3 [155ИД1] Pin 14 [5, Output, Line]
[pin_to_pin]: Pins of type Output and Output are connected
    ; Severity: error
    @(113,03 mm, 107,95 mm): Symbol U3 [155ИД1] Pin 16 [0, Output, Line]
    @(113,03 mm, 115,57 mm): Symbol U3 [155ИД1] Pin 9 [3, Output, Line]
[pin_to_pin]: Pins of type Output and Output are connected
    ; Severity: error
    @(113,03 mm, 107,95 mm): Symbol U3 [155ИД1] Pin 16 [0, Output, Line]
    @(113,03 mm, 118,11 mm): Symbol U3 [155ИД1] Pin 13 [4, Output, Line]
[pin_to_pin]: Pins of type Output and Output are connected
    ; Severity: error
    @(113,03 mm, 107,95 mm): Symbol U3 [155ИД1] Pin 16 [0, Output, Line]
    @(113,03 mm, 125,73 mm): Symbol U3 [155ИД1] Pin 10 [7, Output, Line]
[pin_to_pin]: Pins of type Output and Output are connected
    ; Severity: error
    @(113,03 mm, 107,95 mm): Symbol U3 [155ИД1] Pin 16 [0, Output, Line]
    @(113,03 mm, 123,19 mm): Symbol U3 [155ИД1] Pin 11 [6, Output, Line]
[pin_to_pin]: Pins of type Output and Output are connected
    ; Severity: error
    @(113,03 mm, 107,95 mm): Symbol U3 [155ИД1] Pin 16 [0, Output, Line]
    @(113,03 mm, 120,65 mm): Symbol U3 [155ИД1] Pin 14 [5, Output, Line]
[pin_to_pin]: Pins of type Output and Output are connected
    ; Severity: error
    @(113,03 mm, 115,57 mm): Symbol U3 [155ИД1] Pin 9 [3, Output, Line]
    @(113,03 mm, 118,11 mm): Symbol U3 [155ИД1] Pin 13 [4, Output, Line]
[pin_to_pin]: Pins of type Output and Output are connected
    ; Severity: error
    @(113,03 mm, 115,57 mm): Symbol U3 [155ИД1] Pin 9 [3, Output, Line]
    @(113,03 mm, 125,73 mm): Symbol U3 [155ИД1] Pin 10 [7, Output, Line]
[pin_to_pin]: Pins of type Output and Output are connected
    ; Severity: error
    @(113,03 mm, 115,57 mm): Symbol U3 [155ИД1] Pin 9 [3, Output, Line]
    @(113,03 mm, 123,19 mm): Symbol U3 [155ИД1] Pin 11 [6, Output, Line]
[pin_to_pin]: Pins of type Output and Output are connected
    ; Severity: error
    @(113,03 mm, 115,57 mm): Symbol U3 [155ИД1] Pin 9 [3, Output, Line]
    @(113,03 mm, 120,65 mm): Symbol U3 [155ИД1] Pin 14 [5, Output, Line]
[pin_to_pin]: Pins of type Output and Output are connected
    ; Severity: error
    @(113,03 mm, 118,11 mm): Symbol U3 [155ИД1] Pin 13 [4, Output, Line]
    @(113,03 mm, 125,73 mm): Symbol U3 [155ИД1] Pin 10 [7, Output, Line]
[pin_to_pin]: Pins of type Output and Output are connected
    ; Severity: error
    @(113,03 mm, 118,11 mm): Symbol U3 [155ИД1] Pin 13 [4, Output, Line]
    @(113,03 mm, 123,19 mm): Symbol U3 [155ИД1] Pin 11 [6, Output, Line]
[pin_to_pin]: Pins of type Output and Output are connected
    ; Severity: error
    @(113,03 mm, 118,11 mm): Symbol U3 [155ИД1] Pin 13 [4, Output, Line]
    @(113,03 mm, 120,65 mm): Symbol U3 [155ИД1] Pin 14 [5, Output, Line]
[pin_to_pin]: Pins of type Output and Output are connected
    ; Severity: error
    @(113,03 mm, 125,73 mm): Symbol U3 [155ИД1] Pin 10 [7, Output, Line]
    @(113,03 mm, 123,19 mm): Symbol U3 [155ИД1] Pin 11 [6, Output, Line]
[pin_to_pin]: Pins of type Output and Output are connected
    ; Severity: error
    @(113,03 mm, 125,73 mm): Symbol U3 [155ИД1] Pin 10 [7, Output, Line]
    @(113,03 mm, 120,65 mm): Symbol U3 [155ИД1] Pin 14 [5, Output, Line]
[pin_to_pin]: Pins of type Output and Output are connected
    ; Severity: error
    @(113,03 mm, 123,19 mm): Symbol U3 [155ИД1] Pin 11 [6, Output, Line]
    @(113,03 mm, 120,65 mm): Symbol U3 [155ИД1] Pin 14 [5, Output, Line]
[lib_symbol_issues]: Symbol 'RTS-5' has been modified in library 'NIXIEBIG'.
    ; Severity: warning
    @(247,65 mm, 121,92 mm): Symbol NX1 [RTS-5]

 ** ERC messages: 33  Errors 30  Warnings 3
